<?xml version="1.0" encoding="UTF-8"?>
<!-- Generated by org.testng.reporters.JUnitXMLReporter -->
<testsuite hostname="LAPTOP-QVPJ1LO7" ignored="2" name="GmailLoginTest" tests="2" failures="0" timestamp="10 Mar 2021 15:45:22 GMT" time="17.434" errors="0">
  <testcase name="loginPage" time="9.907" classname="com.gmail.testcases.Login"/>
  <testcase name="registration" time="7.491" classname="com.gmail.testcases.Registration"/>
  <testcase name="@BeforeSuite setup" time="0.0" classname="com.gmail.testcases.BaseClass">
    <ignored/>
  </testcase> <!-- @BeforeSuite setup -->
  <testcase name="@AfterSuite teardown" time="0.0" classname="com.gmail.testcases.BaseClass">
    <ignored/>
  </testcase> <!-- @AfterSuite teardown -->
</testsuite> <!-- GmailLoginTest -->
