<?xml version="1.0" encoding="UTF-8"?>
<testng-results skipped="0" failed="0" ignored="2" total="4" passed="2">
  <reporter-output>
  </reporter-output>
  <suite name="GmailLogin" duration-ms="17434" started-at="2021-03-10T15:45:04Z" finished-at="2021-03-10T15:45:22Z">
    <groups>
    </groups>
    <test name="GmailLoginTest" duration-ms="17434" started-at="2021-03-10T15:45:04Z" finished-at="2021-03-10T15:45:22Z">
      <class name="com.gmail.testcases.Registration">
        <test-method status="PASS" signature="registration()[pri:0, instance:com.gmail.testcases.Registration@13969fbe]" name="registration" duration-ms="7491" started-at="2021-03-10T15:45:14Z" finished-at="2021-03-10T15:45:22Z">
          <reporter-output>
          </reporter-output>
        </test-method> <!-- registration -->
      </class> <!-- com.gmail.testcases.Registration -->
      <class name="com.gmail.testcases.Login">
        <test-method status="PASS" signature="setup()[pri:0, instance:com.gmail.testcases.Login@22f71333]" name="setup" is-config="true" duration-ms="7158" started-at="2021-03-10T15:44:57Z" finished-at="2021-03-10T15:45:04Z">
          <reporter-output>
          </reporter-output>
        </test-method> <!-- setup -->
        <test-method status="PASS" signature="loginPage()[pri:0, instance:com.gmail.testcases.Login@22f71333]" name="loginPage" duration-ms="9907" started-at="2021-03-10T15:45:04Z" finished-at="2021-03-10T15:45:14Z">
          <reporter-output>
          </reporter-output>
        </test-method> <!-- loginPage -->
        <test-method status="PASS" signature="teardown()[pri:0, instance:com.gmail.testcases.Login@22f71333]" name="teardown" is-config="true" duration-ms="0" started-at="2021-03-10T15:45:22Z" finished-at="2021-03-10T15:45:22Z">
          <reporter-output>
          </reporter-output>
        </test-method> <!-- teardown -->
      </class> <!-- com.gmail.testcases.Login -->
    </test> <!-- GmailLoginTest -->
  </suite> <!-- GmailLogin -->
</testng-results>
