<?xml version="1.0" encoding="UTF-8"?>
<testng-results skipped="0" failed="0" ignored="2" total="4" passed="2">
  <reporter-output>
  </reporter-output>
  <suite name="GmailLogin" duration-ms="16727" started-at="2021-03-10T14:17:58Z" finished-at="2021-03-10T14:18:14Z">
    <groups>
    </groups>
    <test name="GmailLoginTest" duration-ms="16727" started-at="2021-03-10T14:17:58Z" finished-at="2021-03-10T14:18:14Z">
      <class name="com.gmail.testcases.Registration">
        <test-method status="PASS" signature="registration()[pri:0, instance:com.gmail.testcases.Registration@4f7d0008]" name="registration" duration-ms="5868" started-at="2021-03-10T14:18:08Z" finished-at="2021-03-10T14:18:14Z">
          <reporter-output>
          </reporter-output>
        </test-method> <!-- registration -->
      </class> <!-- com.gmail.testcases.Registration -->
      <class name="com.gmail.testcases.Login">
        <test-method status="PASS" signature="setup()[pri:0, instance:com.gmail.testcases.Login@553f17c]" name="setup" is-config="true" duration-ms="22325" started-at="2021-03-10T14:17:35Z" finished-at="2021-03-10T14:17:58Z">
          <reporter-output>
          </reporter-output>
        </test-method> <!-- setup -->
        <test-method status="PASS" signature="loginPage()[pri:0, instance:com.gmail.testcases.Login@553f17c]" name="loginPage" duration-ms="10705" started-at="2021-03-10T14:17:58Z" finished-at="2021-03-10T14:18:08Z">
          <reporter-output>
          </reporter-output>
        </test-method> <!-- loginPage -->
        <test-method status="PASS" signature="teardown()[pri:0, instance:com.gmail.testcases.Login@553f17c]" name="teardown" is-config="true" duration-ms="0" started-at="2021-03-10T14:18:14Z" finished-at="2021-03-10T14:18:14Z">
          <reporter-output>
          </reporter-output>
        </test-method> <!-- teardown -->
      </class> <!-- com.gmail.testcases.Login -->
    </test> <!-- GmailLoginTest -->
  </suite> <!-- GmailLogin -->
</testng-results>
